$ service csgoserver1 create
Creating csgoserver1...
steamcmd already exists...
Installing / Updating csgoserver1
-su: 1: screen: not found
Starting the csgoserver1 update...
Pas de répertoire, connexion avec HOME=/
Redirecting stderr to '//Steam/logs/stderr.txt'
ILocalize::AddFile() failed to load file "public/steambootstrapper_english.txt".
[  0%] Checking for available update...
[  0%] Downloading update (0 of 10 175 KB)...
[  0%] Downloading update (114 of 10 175 KB)...
[  1%] Downloading update (1 701 of 10 175 KB)...
[ 16%] Downloading update (3 471 of 10 175 KB)...
[ 34%] Downloading update (4 654 of 10 175 KB)...
[ 45%] Downloading update (5 904 of 10 175 KB)...
[ 58%] Downloading update (7 073 of 10 175 KB)...
[ 69%] Downloading update (8 226 of 10 175 KB)...
[ 80%] Downloading update (9 407 of 10 175 KB)...
[ 92%] Downloading update (10 175 of 10 175 KB)...
[100%] Download Complete.
[----] Applying update...
[----] Extracting package...
[----] Extracting package...
[----] Extracting package...
[----] Installing update...
[----] Installing update...
[----] Installing update...
[----] Cleaning up...
[----] Update complete, launching...
Redirecting stderr to '//Steam/logs/stderr.txt'
[  0%] Checking for available updates...
[----] Downloading update (0 of 7 057 KB)...
[  0%] Downloading update (64 of 7 057 KB)...
[  0%] Downloading update (307 of 7 057 KB)...
[  4%] Downloading update (1 236 of 7 057 KB)...
[ 17%] Downloading update (2 594 of 7 057 KB)...
[ 36%] Downloading update (3 610 of 7 057 KB)...
[ 51%] Downloading update (4 608 of 7 057 KB)...
[ 65%] Downloading update (5 699 of 7 057 KB)...
[ 80%] Downloading update (6 727 of 7 057 KB)...
[ 95%] Downloading update (7 057 of 7 057 KB)...
[100%] Download complete.
[----] Installing update...
[----] Extracting package...
[----] Extracting package...
[----] Extracting package...
[----] Installing update...
[----] Installing update...
[----] Installing update...
[----] Cleaning up...
[----] Update complete, launching Steamcmd...

Message from syslogd@debian at Apr 23 18:32:17 ...
 ash_20170423183217_6.dmp[1449]: Finished uploading minidump (out-of-process): success = no

Message from syslogd@debian at Apr 23 18:32:17 ...
 ash_20170423183217_6.dmp[1449]: error: libcurl.so: cannot open shared object file: No such file or directory

Message from syslogd@debian at Apr 23 18:32:17 ...
 ash_20170423183217_6.dmp[1449]: file ''/tmp/dumps/crash_20170423183217_6.dmp'', upload no: ''libcurl.so: cannot open shared object file: No such file or directory''
Redirecting stderr to '//Steam/logs/stderr.txt'
[  0%] Checking for available updates...
[----] Verifying installation...
Steam Console Client (c) Valve Corporation
-- type 'quit' to exit --
Loading Steam API...applicationmanager.cpp (3335) : Assertion Failed: CApplicationManager::GetMountVolume: invalid index
applicationmanager.cpp (3335) : Assertion Failed: CApplicationManager::GetMountVolume: invalid index
applicationmanager.cpp (3498) : Assertion Failed: m_vecInstallBaseFolders.Count() > 0
Created shared memory when not owner SteamController_Shared_mem
OK.

Connecting anonymously to Steam Public...Logged in OK
Waiting for license info...OK
applicationmanager.cpp (3498) : Assertion Failed: m_vecInstallBaseFolders.Count() > 0
 Update state (0x3) reconfiguring, progress: 0,00 (0 / 0)
 Update state (0x3) reconfiguring, progress: 0,00 (0 / 0)
 Update state (0x61) downloading, progress: 0,00 (76284 / 14563398502)
 Update state (0x61) downloading, progress: 0,24 (34537101 / 14563398502)
 Update state (0x61) downloading, progress: 0,62 (90816402 / 14563398502)
 Update state (0x61) downloading, progress: 0,76 (111234415 / 14563398502)
 Update state (0x61) downloading, progress: 0,85 (123169912 / 14563398502)
 Update state (0x61) downloading, progress: 1,16 (169098456 / 14563398502)
 Update state (0x61) downloading, progress: 1,46 (213337240 / 14563398502)
 Update state (0x61) downloading, progress: 1,95 (284217618 / 14563398502)
 Update state (0x61) downloading, progress: 2,47 (359925752 / 14563398502)
 Update state (0x61) downloading, progress: 2,56 (372508664 / 14563398502)
 Update state (0x61) downloading, progress: 2,83 (412192173 / 14563398502)
 Update state (0x61) downloading, progress: 3,16 (460578155 / 14563398502)
 Update state (0x61) downloading, progress: 3,64 (530043245 / 14563398502)
 Update state (0x61) downloading, progress: 4,01 (584115556 / 14563398502)
 Update state (0x61) downloading, progress: 4,47 (651034226 / 14563398502)
 Update state (0x61) downloading, progress: 4,76 (692764148 / 14563398502)
 Update state (0x61) downloading, progress: 4,96 (721767319 / 14563398502)
 Update state (0x61) downloading, progress: 5,74 (835339535 / 14563398502)
 Update state (0x61) downloading, progress: 6,19 (900855644 / 14563398502)
 Update state (0x61) downloading, progress: 6,66 (970184763 / 14563398502)
 Update state (0x61) downloading, progress: 7,21 (1049922398 / 14563398502)
 Update state (0x61) downloading, progress: 7,56 (1100484695 / 14563398502)
 Update state (0x61) downloading, progress: 7,57 (1102581847 / 14563398502)
 Update state (0x61) downloading, progress: 8,30 (1208882416 / 14563398502)
 Update state (0x61) downloading, progress: 8,71 (1268088496 / 14563398502)
 Update state (0x61) downloading, progress: 9,22 (1342352680 / 14563398502)
 Update state (0x61) downloading, progress: 9,48 (1381145646 / 14563398502)
 Update state (0x61) downloading, progress: 9,71 (1414700078 / 14563398502)
 Update state (0x61) downloading, progress: 10,01 (1457886796 / 14563398502)
 Update state (0x61) downloading, progress: 10,30 (1500669902 / 14563398502)
 Update state (0x61) downloading, progress: 10,65 (1550416755 / 14563398502)
 Update state (0x61) downloading, progress: 11,00 (1602445456 / 14563398502)
 Update state (0x61) downloading, progress: 11,30 (1645654372 / 14563398502)
 Update state (0x61) downloading, progress: 11,71 (1705277135 / 14563398502)
 Update state (0x61) downloading, progress: 12,06 (1755776789 / 14563398502)
 Update state (0x61) downloading, progress: 12,06 (1755776789 / 14563398502)
 Update state (0x61) downloading, progress: 12,78 (1861706685 / 14563398502)
 Update state (0x61) downloading, progress: 13,32 (1939408958 / 14563398502)
 Update state (0x61) downloading, progress: 13,58 (1977960859 / 14563398502)
 Update state (0x61) downloading, progress: 14,09 (2052637419 / 14563398502)
 Update state (0x61) downloading, progress: 14,44 (2103381056 / 14563398502)
 Update state (0x61) downloading, progress: 14,82 (2158062991 / 14563398502)
 Update state (0x61) downloading, progress: 14,95 (2177510115 / 14563398502)
 Update state (0x61) downloading, progress: 14,99 (2182752995 / 14563398502)
 Update state (0x61) downloading, progress: 15,89 (2313717393 / 14563398502)
 Update state (0x61) downloading, progress: 16,27 (2369748994 / 14563398502)
 Update state (0x61) downloading, progress: 16,73 (2436426944 / 14563398502)
 Update state (0x61) downloading, progress: 17,06 (2484306976 / 14563398502)
 Update state (0x61) downloading, progress: 17,52 (2551583303 / 14563398502)
 Update state (0x61) downloading, progress: 17,52 (2551583303 / 14563398502)
 Update state (0x61) downloading, progress: 17,55 (2555777607 / 14563398502)
 Update state (0x61) downloading, progress: 18,00 (2621420857 / 14563398502)
 Update state (0x61) downloading, progress: 18,36 (2674548913 / 14563398502)
 Update state (0x61) downloading, progress: 18,90 (2752576318 / 14563398502)
 Update state (0x61) downloading, progress: 19,41 (2826422639 / 14563398502)
 Update state (0x61) downloading, progress: 19,95 (2905274081 / 14563398502)
 Update state (0x61) downloading, progress: 20,33 (2960150321 / 14563398502)
 Update state (0x61) downloading, progress: 20,37 (2966441777 / 14563398502)
 Update state (0x61) downloading, progress: 20,72 (3017125649 / 14563398502)
 Update state (0x61) downloading, progress: 21,16 (3081385989 / 14563398502)
 Update state (0x61) downloading, progress: 21,54 (3136783905 / 14563398502)
 Update state (0x61) downloading, progress: 22,05 (3211418977 / 14563398502)
 Update state (0x61) downloading, progress: 22,44 (3268042081 / 14563398502)
 Update state (0x61) downloading, progress: 22,56 (3284819297 / 14563398502)
 Update state (0x61) downloading, progress: 22,56 (3284819297 / 14563398502)
 Update state (0x61) downloading, progress: 22,93 (3339598040 / 14563398502)
 Update state (0x61) downloading, progress: 23,32 (3396320130 / 14563398502)
 Update state (0x61) downloading, progress: 23,71 (3452545674 / 14563398502)
 Update state (0x61) downloading, progress: 24,08 (3507299192 / 14563398502)
 Update state (0x61) downloading, progress: 24,53 (3572360866 / 14563398502)
 Update state (0x61) downloading, progress: 24,87 (3621481561 / 14563398502)
 Update state (0x61) downloading, progress: 24,97 (3636025587 / 14563398502)
 Update state (0x61) downloading, progress: 25,07 (3651218737 / 14563398502)
 Update state (0x61) downloading, progress: 25,44 (3705360201 / 14563398502)
 Update state (0x61) downloading, progress: 25,94 (3777139154 / 14563398502)
 Update state (0x61) downloading, progress: 26,57 (3869460681 / 14563398502)
 Update state (0x61) downloading, progress: 27,03 (3936220537 / 14563398502)
 Update state (0x61) downloading, progress: 27,42 (3993577924 / 14563398502)
 Update state (0x61) downloading, progress: 27,43 (3994626500 / 14563398502)
 Update state (0x61) downloading, progress: 27,62 (4022147622 / 14563398502)
 Update state (0x61) downloading, progress: 28,28 (4117836646 / 14563398502)
 Update state (0x61) downloading, progress: 28,74 (4185648918 / 14563398502)
 Update state (0x61) downloading, progress: 28,80 (4194037526 / 14563398502)
 Update state (0x61) downloading, progress: 29,08 (4234996222 / 14563398502)
 Update state (0x61) downloading, progress: 29,49 (4294066262 / 14563398502)
 Update state (0x61) downloading, progress: 29,98 (4365677154 / 14563398502)
 Update state (0x61) downloading, progress: 30,54 (4448194906 / 14563398502)
 Update state (0x61) downloading, progress: 30,81 (4486992218 / 14563398502)
 Update state (0x61) downloading, progress: 31,08 (4526831694 / 14563398502)
 Update state (0x61) downloading, progress: 31,09 (4527880270 / 14563398502)
 Update state (0x61) downloading, progress: 31,44 (4578571436 / 14563398502)
 Update state (0x61) downloading, progress: 31,94 (4651626084 / 14563398502)
 Update state (0x61) downloading, progress: 32,29 (4701956452 / 14563398502)
 Update state (0x61) downloading, progress: 32,68 (4759440704 / 14563398502)
 Update state (0x61) downloading, progress: 32,97 (4802083312 / 14563398502)
 Update state (0x61) downloading, progress: 33,36 (4858532416 / 14563398502)
 Update state (0x61) downloading, progress: 33,36 (4858532416 / 14563398502)
 Update state (0x61) downloading, progress: 33,66 (4902455981 / 14563398502)
 Update state (0x61) downloading, progress: 34,04 (4956986007 / 14563398502)
 Update state (0x61) downloading, progress: 34,45 (5016406287 / 14563398502)
 Update state (0x61) downloading, progress: 34,89 (5081739067 / 14563398502)
 Update state (0x61) downloading, progress: 35,40 (5155670455 / 14563398502)
 Update state (0x61) downloading, progress: 35,75 (5206162563 / 14563398502)
 Update state (0x61) downloading, progress: 35,89 (5226081895 / 14563398502)
 Update state (0x61) downloading, progress: 35,89 (5226081895 / 14563398502)
 Update state (0x61) downloading, progress: 36,29 (5285467167 / 14563398502)
 Update state (0x61) downloading, progress: 36,83 (5364173812 / 14563398502)
 Update state (0x61) downloading, progress: 37,21 (5419065411 / 14563398502)
 Update state (0x61) downloading, progress: 37,61 (5477341060 / 14563398502)
 Update state (0x61) downloading, progress: 37,90 (5519325232 / 14563398502)
 Update state (0x61) downloading, progress: 38,01 (5535053872 / 14563398502)
 Update state (0x61) downloading, progress: 38,01 (5535053872 / 14563398502)
 Update state (0x61) downloading, progress: 38,29 (5576652400 / 14563398502)
 Update state (0x61) downloading, progress: 38,72 (5638695848 / 14563398502)
 Update state (0x61) downloading, progress: 39,18 (5705719752 / 14563398502)
 Update state (0x61) downloading, progress: 39,56 (5761026237 / 14563398502)
 Update state (0x61) downloading, progress: 39,98 (5822494922 / 14563398502)
 Update state (0x61) downloading, progress: 40,03 (5829044654 / 14563398502)
 Update state (0x61) downloading, progress: 40,05 (5832190382 / 14563398502)
 Update state (0x61) downloading, progress: 40,32 (5872349272 / 14563398502)
 Update state (0x61) downloading, progress: 40,77 (5937944800 / 14563398502)
 Update state (0x61) downloading, progress: 41,22 (6002782448 / 14563398502)
 Update state (0x61) downloading, progress: 41,72 (6076509020 / 14563398502)
 Update state (0x61) downloading, progress: 42,06 (6125813527 / 14563398502)
 Update state (0x61) downloading, progress: 42,30 (6160603885 / 14563398502)
 Update state (0x61) downloading, progress: 42,31 (6161652461 / 14563398502)
 Update state (0x61) downloading, progress: 42,64 (6210463171 / 14563398502)
 Update state (0x61) downloading, progress: 43,15 (6283823075 / 14563398502)
 Update state (0x61) downloading, progress: 43,70 (6364173936 / 14563398502)
 Update state (0x61) downloading, progress: 44,13 (6426444282 / 14563398502)
 Update state (0x61) downloading, progress: 44,50 (6480913187 / 14563398502)
 Update state (0x61) downloading, progress: 44,97 (6549498474 / 14563398502)
 Update state (0x61) downloading, progress: 45,16 (6576761450 / 14563398502)
 Update state (0x61) downloading, progress: 45,22 (6585462003 / 14563398502)
 Update state (0x61) downloading, progress: 45,66 (6650115198 / 14563398502)
 Update state (0x61) downloading, progress: 45,88 (6681299428 / 14563398502)
 Update state (0x61) downloading, progress: 46,12 (6716133001 / 14563398502)
 Update state (0x61) downloading, progress: 46,33 (6747761065 / 14563398502)
 Update state (0x61) downloading, progress: 46,63 (6791557009 / 14563398502)
 Update state (0x61) downloading, progress: 46,71 (6803091345 / 14563398502)
 Update state (0x61) downloading, progress: 46,73 (6804854896 / 14563398502)
 Update state (0x61) downloading, progress: 47,52 (6920756867 / 14563398502)
 Update state (0x61) downloading, progress: 47,85 (6967955240 / 14563398502)
 Update state (0x61) downloading, progress: 48,10 (7005354968 / 14563398502)
 Update state (0x61) downloading, progress: 48,40 (7049395763 / 14563398502)
 Update state (0x61) downloading, progress: 48,74 (7098678835 / 14563398502)
 Update state (0x61) downloading, progress: 48,74 (7098678835 / 14563398502)
 Update state (0x61) downloading, progress: 48,89 (7119636764 / 14563398502)
 Update state (0x61) downloading, progress: 49,02 (7138511132 / 14563398502)
 Update state (0x61) downloading, progress: 49,34 (7185872022 / 14563398502)
 Update state (0x61) downloading, progress: 49,61 (7225628316 / 14563398502)
 Update state (0x61) downloading, progress: 49,85 (7260394252 / 14563398502)
 Update state (0x61) downloading, progress: 50,05 (7288707888 / 14563398502)
 Update state (0x61) downloading, progress: 50,26 (7319116592 / 14563398502)
 Update state (0x61) downloading, progress: 50,53 (7358940964 / 14563398502)
 Update state (0x61) downloading, progress: 50,73 (7388301092 / 14563398502)
 Update state (0x61) downloading, progress: 50,81 (7399835428 / 14563398502)
 Update state (0x61) downloading, progress: 50,83 (7402981156 / 14563398502)
 Update state (0x61) downloading, progress: 51,48 (7497697945 / 14563398502)
 Update state (0x61) downloading, progress: 51,68 (7526226459 / 14563398502)
 Update state (0x61) downloading, progress: 51,85 (7551736788 / 14563398502)
 Update state (0x61) downloading, progress: 52,01 (7574805460 / 14563398502)
 Update state (0x61) downloading, progress: 52,18 (7598922708 / 14563398502)
 Update state (0x61) downloading, progress: 52,39 (7629109266 / 14563398502)
 Update state (0x61) downloading, progress: 52,70 (7675370113 / 14563398502)
 Update state (0x61) downloading, progress: 52,76 (7683280799 / 14563398502)
 Update state (0x61) downloading, progress: 52,76 (7683280799 / 14563398502)
 Update state (0x61) downloading, progress: 52,76 (7683280799 / 14563398502)
 Update state (0x61) downloading, progress: 52,76 (7683280799 / 14563398502)
 Update state (0x61) downloading, progress: 52,76 (7683280799 / 14563398502)
 Update state (0x61) downloading, progress: 52,76 (7683280799 / 14563398502)
 Update state (0x61) downloading, progress: 52,76 (7683280799 / 14563398502)
 Update state (0x61) downloading, progress: 52,82 (7692678664 / 14563398502)
 Update state (0x61) downloading, progress: 52,99 (7716796140 / 14563398502)
 Update state (0x61) downloading, progress: 53,07 (7728326816 / 14563398502)
 Update state (0x61) downloading, progress: 53,07 (7728326816 / 14563398502)
 Update state (0x61) downloading, progress: 53,07 (7728326816 / 14563398502)
 Update state (0x61) downloading, progress: 53,07 (7728326816 / 14563398502)
 Update state (0x61) downloading, progress: 53,07 (7728326816 / 14563398502)
 Update state (0x61) downloading, progress: 53,07 (7728326816 / 14563398502)
 Update state (0x61) downloading, progress: 53,07 (7728326816 / 14563398502)
 Update state (0x61) downloading, progress: 53,07 (7728326816 / 14563398502)
 Update state (0x61) downloading, progress: 53,18 (7744256723 / 14563398502)
 Update state (0x61) downloading, progress: 53,35 (7769422547 / 14563398502)
 Update state (0x61) downloading, progress: 53,57 (7802294751 / 14563398502)
 Update state (0x61) downloading, progress: 53,69 (7819679817 / 14563398502)
 Update state (0x61) downloading, progress: 53,85 (7841699913 / 14563398502)
 Update state (0x61) downloading, progress: 53,99 (7862671433 / 14563398502)
 Update state (0x61) downloading, progress: 54,14 (7884041303 / 14563398502)
 Update state (0x61) downloading, progress: 54,32 (7910351655 / 14563398502)
 Update state (0x61) downloading, progress: 54,50 (7936380464 / 14563398502)
 Update state (0x61) downloading, progress: 54,64 (7957351984 / 14563398502)
 Update state (0x61) downloading, progress: 54,81 (7981946966 / 14563398502)
 Update state (0x61) downloading, progress: 55,20 (8039505048 / 14563398502)
 Update state (0x61) downloading, progress: 55,46 (8076679508 / 14563398502)
 Update state (0x61) downloading, progress: 55,68 (8109324912 / 14563398502)
 Update state (0x61) downloading, progress: 55,81 (8127783942 / 14563398502)
 Update state (0x61) downloading, progress: 56,13 (8174106208 / 14563398502)
 Update state (0x61) downloading, progress: 56,13 (8174106208 / 14563398502)
 Update state (0x61) downloading, progress: 56,13 (8174106208 / 14563398502)
 Update state (0x61) downloading, progress: 56,13 (8174106208 / 14563398502)
 Update state (0x61) downloading, progress: 56,23 (8189686268 / 14563398502)
 Update state (0x61) downloading, progress: 56,39 (8212752700 / 14563398502)
 Update state (0x61) downloading, progress: 56,71 (8259402507 / 14563398502)
 Update state (0x61) downloading, progress: 57,02 (8303439853 / 14563398502)
 Update state (0x61) downloading, progress: 57,28 (8341505332 / 14563398502)
 Update state (0x61) downloading, progress: 57,72 (8405285867 / 14563398502)
 Update state (0x61) downloading, progress: 58,01 (8448410810 / 14563398502)
 Update state (0x61) downloading, progress: 58,05 (8454322420 / 14563398502)
 Update state (0x61) downloading, progress: 58,43 (8509814464 / 14563398502)
 Update state (0x61) downloading, progress: 58,65 (8541271744 / 14563398502)
 Update state (0x61) downloading, progress: 58,82 (8566437568 / 14563398502)
 Update state (0x61) downloading, progress: 59,02 (8595805754 / 14563398502)
 Update state (0x61) downloading, progress: 59,21 (8623068730 / 14563398502)
 Update state (0x61) downloading, progress: 59,39 (8649224938 / 14563398502)
 Update state (0x61) downloading, progress: 59,48 (8661807850 / 14563398502)
 Update state (0x61) downloading, progress: 59,48 (8661807850 / 14563398502)
 Update state (0x61) downloading, progress: 59,98 (8735215018 / 14563398502)
 Update state (0x61) downloading, progress: 60,26 (8775953750 / 14563398502)
 Update state (0x61) downloading, progress: 60,57 (8820529910 / 14563398502)
 Update state (0x61) downloading, progress: 60,70 (8839404278 / 14563398502)
 Update state (0x61) downloading, progress: 60,95 (8876469151 / 14563398502)
 Update state (0x61) downloading, progress: 61,17 (8908256823 / 14563398502)
 Update state (0x61) downloading, progress: 61,36 (8936768631 / 14563398502)
 Update state (0x61) downloading, progress: 61,53 (8961198392 / 14563398502)
 Update state (0x61) downloading, progress: 61,53 (8961198392 / 14563398502)
 Update state (0x61) downloading, progress: 61,76 (8993704248 / 14563398502)
 Update state (0x61) downloading, progress: 62,38 (9085185680 / 14563398502)
 Update state (0x61) downloading, progress: 62,71 (9133418896 / 14563398502)
 Update state (0x61) downloading, progress: 63,03 (9179684452 / 14563398502)
 Update state (0x61) downloading, progress: 63,25 (9211035809 / 14563398502)
 Update state (0x61) downloading, progress: 63,53 (9252234996 / 14563398502)
 Update state (0x61) downloading, progress: 63,66 (9271109364 / 14563398502)
 Update state (0x61) downloading, progress: 63,67 (9273206516 / 14563398502)
 Update state (0x61) downloading, progress: 63,94 (9312093632 / 14563398502)
 Update state (0x61) downloading, progress: 64,01 (9321530816 / 14563398502)
 Update state (0x61) downloading, progress: 64,26 (9358136198 / 14563398502)
 Update state (0x61) downloading, progress: 64,51 (9395156142 / 14563398502)
 Update state (0x61) downloading, progress: 64,70 (9423058118 / 14563398502)
 Update state (0x61) downloading, progress: 64,98 (9463952582 / 14563398502)
 Update state (0x61) downloading, progress: 65,16 (9489118406 / 14563398502)
 Update state (0x61) downloading, progress: 65,30 (9510089926 / 14563398502)
 Update state (0x61) downloading, progress: 65,30 (9510089926 / 14563398502)
 Update state (0x61) downloading, progress: 65,88 (9595026598 / 14563398502)
 Update state (0x61) downloading, progress: 66,09 (9624822040 / 14563398502)
 Update state (0x61) downloading, progress: 66,28 (9652183392 / 14563398502)
 Update state (0x61) downloading, progress: 66,45 (9677349216 / 14563398502)
 Update state (0x61) downloading, progress: 66,66 (9707343081 / 14563398502)
 Update state (0x61) downloading, progress: 66,86 (9736470713 / 14563398502)
 Update state (0x61) downloading, progress: 67,00 (9757343857 / 14563398502)
 Update state (0x61) downloading, progress: 67,17 (9781798212 / 14563398502)
 Update state (0x61) downloading, progress: 67,22 (9789138244 / 14563398502)
 Update state (0x61) downloading, progress: 67,22 (9789138244 / 14563398502)
 Update state (0x61) downloading, progress: 67,22 (9789138244 / 14563398502)
 Update state (0x61) downloading, progress: 67,22 (9789138244 / 14563398502)
 Update state (0x61) downloading, progress: 67,22 (9789138244 / 14563398502)
 Update state (0x61) downloading, progress: 67,31 (9802653240 / 14563398502)
 Update state (0x61) downloading, progress: 67,34 (9806847544 / 14563398502)
 Update state (0x61) downloading, progress: 67,37 (9811041848 / 14563398502)
 Update state (0x61) downloading, progress: 67,41 (9817333304 / 14563398502)
 Update state (0x61) downloading, progress: 67,43 (9820479032 / 14563398502)
 Update state (0x61) downloading, progress: 67,43 (9820479032 / 14563398502)
 Update state (0x61) downloading, progress: 67,45 (9822576184 / 14563398502)
 Update state (0x61) downloading, progress: 67,50 (9829916216 / 14563398502)
 Update state (0x61) downloading, progress: 67,55 (9838303424 / 14563398502)
 Update state (0x61) downloading, progress: 67,70 (9858779981 / 14563398502)
 Update state (0x61) downloading, progress: 67,84 (9879751501 / 14563398502)
 Update state (0x61) downloading, progress: 67,87 (9883732318 / 14563398502)
 Update state (0x61) downloading, progress: 67,96 (9897363806 / 14563398502)
 Update state (0x61) downloading, progress: 68,08 (9914112955 / 14563398502)
 Update state (0x61) downloading, progress: 68,23 (9936133051 / 14563398502)
 Update state (0x61) downloading, progress: 68,38 (9958087346 / 14563398502)
 Update state (0x61) downloading, progress: 68,51 (9978010290 / 14563398502)
 Update state (0x61) downloading, progress: 68,57 (9986398898 / 14563398502)
 Update state (0x61) downloading, progress: 68,68 (10002174030 / 14563398502)
 Update state (0x61) downloading, progress: 68,84 (10026149936 / 14563398502)
 Update state (0x61) downloading, progress: 68,87 (10029295664 / 14563398502)
 Update state (0x61) downloading, progress: 69,13 (10067321967 / 14563398502)
 Update state (0x61) downloading, progress: 69,25 (10085487579 / 14563398502)
 Update state (0x61) downloading, progress: 69,40 (10107218101 / 14563398502)
 Update state (0x61) downloading, progress: 69,55 (10128189621 / 14563398502)
 Update state (0x61) downloading, progress: 69,69 (10148805167 / 14563398502)
 Update state (0x61) downloading, progress: 69,86 (10173910691 / 14563398502)
 Update state (0x61) downloading, progress: 70,04 (10200868073 / 14563398502)
 Update state (0x61) downloading, progress: 70,20 (10223883277 / 14563398502)
 Update state (0x61) downloading, progress: 70,45 (10260122628 / 14563398502)
 Update state (0x61) downloading, progress: 70,90 (10325540837 / 14563398502)
 Update state (0x61) downloading, progress: 71,11 (10356118755 / 14563398502)
 Update state (0x61) downloading, progress: 71,26 (10378130879 / 14563398502)
 Update state (0x61) downloading, progress: 71,27 (10379179455 / 14563398502)
 Update state (0x61) downloading, progress: 71,66 (10436851135 / 14563398502)
 Update state (0x61) downloading, progress: 71,83 (10460968383 / 14563398502)
 Update state (0x61) downloading, progress: 72,06 (10494803706 / 14563398502)
 Update state (0x61) downloading, progress: 72,28 (10526260986 / 14563398502)
 Update state (0x61) downloading, progress: 72,55 (10566404910 / 14563398502)
 Update state (0x61) downloading, progress: 72,87 (10611899420 / 14563398502)
 Update state (0x61) downloading, progress: 73,19 (10658969228 / 14563398502)
 Update state (0x61) downloading, progress: 73,46 (10698142290 / 14563398502)
 Update state (0x61) downloading, progress: 73,52 (10706621752 / 14563398502)
 Update state (0x61) downloading, progress: 73,75 (10741011999 / 14563398502)
 Update state (0x61) downloading, progress: 74,79 (10892108677 / 14563398502)
 Update state (0x61) downloading, progress: 74,88 (10905101413 / 14563398502)
 Update state (0x61) downloading, progress: 74,88 (10905101413 / 14563398502)
 Update state (0x61) downloading, progress: 74,88 (10905101413 / 14563398502)
 Update state (0x61) downloading, progress: 74,88 (10905101413 / 14563398502)
 Update state (0x61) downloading, progress: 74,88 (10905101413 / 14563398502)
 Update state (0x61) downloading, progress: 74,88 (10905101413 / 14563398502)
 Update state (0x61) downloading, progress: 74,88 (10905101413 / 14563398502)
 Update state (0x61) downloading, progress: 74,88 (10905101413 / 14563398502)
 Update state (0x61) downloading, progress: 74,88 (10905101413 / 14563398502)
 Update state (0x61) downloading, progress: 74,88 (10905101413 / 14563398502)
 Update state (0x61) downloading, progress: 74,88 (10905101413 / 14563398502)
 Update state (0x61) downloading, progress: 74,88 (10905101413 / 14563398502)
 Update state (0x61) downloading, progress: 74,88 (10905101413 / 14563398502)
 Update state (0x61) downloading, progress: 74,88 (10905101413 / 14563398502)
 Update state (0x61) downloading, progress: 74,88 (10905101413 / 14563398502)
 Update state (0x61) downloading, progress: 74,88 (10905101413 / 14563398502)
 Update state (0x61) downloading, progress: 74,88 (10905101413 / 14563398502)
 Update state (0x61) downloading, progress: 74,88 (10905101413 / 14563398502)
 Update state (0x61) downloading, progress: 74,88 (10905101413 / 14563398502)
 Update state (0x61) downloading, progress: 74,88 (10905101413 / 14563398502)
 Update state (0x61) downloading, progress: 74,88 (10905101413 / 14563398502)
 Update state (0x61) downloading, progress: 74,88 (10905101413 / 14563398502)
 Update state (0x61) downloading, progress: 74,88 (10905101413 / 14563398502)
 Update state (0x61) downloading, progress: 74,88 (10905101413 / 14563398502)
 Update state (0x61) downloading, progress: 74,88 (10905101413 / 14563398502)
 Update state (0x61) downloading, progress: 74,88 (10905101413 / 14563398502)
 Update state (0x61) downloading, progress: 74,88 (10905101413 / 14563398502)
 Update state (0x61) downloading, progress: 74,88 (10905101413 / 14563398502)
 Update state (0x61) downloading, progress: 74,92 (10910344293 / 14563398502)
 Update state (0x61) downloading, progress: 75,30 (10966156519 / 14563398502)
 Update state (0x61) downloading, progress: 75,59 (11009149695 / 14563398502)
 Update state (0x61) downloading, progress: 75,92 (11056855903 / 14563398502)
 Update state (0x61) downloading, progress: 76,18 (11093948424 / 14563398502)
 Update state (0x61) downloading, progress: 76,47 (11136765564 / 14563398502)
 Update state (0x61) downloading, progress: 76,78 (11182256904 / 14563398502)
 Update state (0x61) downloading, progress: 77,05 (11221753512 / 14563398502)
 Update state (0x61) downloading, progress: 77,17 (11238527112 / 14563398502)
 Update state (0x61) downloading, progress: 77,72 (11318285683 / 14563398502)
 Update state (0x61) downloading, progress: 77,81 (11331917171 / 14563398502)
 Update state (0x61) downloading, progress: 77,81 (11331917171 / 14563398502)
 Update state (0x61) downloading, progress: 77,81 (11331917171 / 14563398502)
 Update state (0x61) downloading, progress: 77,81 (11331917171 / 14563398502)
 Update state (0x61) downloading, progress: 77,81 (11331917171 / 14563398502)
 Update state (0x61) downloading, progress: 77,90 (11345548659 / 14563398502)
 Update state (0x61) downloading, progress: 78,17 (11383765083 / 14563398502)
 Update state (0x61) downloading, progress: 78,40 (11417210501 / 14563398502)
 Update state (0x61) downloading, progress: 78,48 (11429793413 / 14563398502)
 Update state (0x61) downloading, progress: 78,61 (11448215599 / 14563398502)
 Update state (0x61) downloading, progress: 78,86 (11484407000 / 14563398502)
 Update state (0x61) downloading, progress: 79,08 (11517433778 / 14563398502)
 Update state (0x61) downloading, progress: 79,37 (11558697366 / 14563398502)
 Update state (0x61) downloading, progress: 79,68 (11604193150 / 14563398502)
 Update state (0x61) downloading, progress: 80,03 (11655671530 / 14563398502)
 Update state (0x61) downloading, progress: 80,27 (11689659770 / 14563398502)
 Update state (0x61) downloading, progress: 80,49 (11721685596 / 14563398502)
 Update state (0x61) downloading, progress: 80,51 (11724831324 / 14563398502)
 Update state (0x61) downloading, progress: 80,53 (11727977052 / 14563398502)
 Update state (0x61) downloading, progress: 81,00 (11795951665 / 14563398502)
 Update state (0x61) downloading, progress: 81,16 (11819020337 / 14563398502)
 Update state (0x61) downloading, progress: 81,21 (11827408945 / 14563398502)
 Update state (0x61) downloading, progress: 81,52 (11872103517 / 14563398502)
 Update state (0x61) downloading, progress: 81,73 (11902512221 / 14563398502)
 Update state (0x61) downloading, progress: 81,94 (11932598304 / 14563398502)
 Update state (0x61) downloading, progress: 82,19 (11969861782 / 14563398502)
 Update state (0x61) downloading, progress: 82,40 (12000304254 / 14563398502)
 Update state (0x61) downloading, progress: 82,59 (12028613370 / 14563398502)
 Update state (0x61) downloading, progress: 82,75 (12051756071 / 14563398502)
 Update state (0x61) downloading, progress: 83,11 (12102972258 / 14563398502)
 Update state (0x61) downloading, progress: 83,22 (12119749474 / 14563398502)
 Update state (0x61) downloading, progress: 83,47 (12156314510 / 14563398502)
 Update state (0x61) downloading, progress: 83,69 (12187519240 / 14563398502)
 Update state (0x61) downloading, progress: 83,87 (12213733640 / 14563398502)
 Update state (0x61) downloading, progress: 83,97 (12228259230 / 14563398502)
 Update state (0x61) downloading, progress: 83,99 (12231404958 / 14563398502)
 Update state (0x61) downloading, progress: 84,65 (12327788160 / 14563398502)
 Update state (0x61) downloading, progress: 84,86 (12358800883 / 14563398502)
 Update state (0x61) downloading, progress: 85,03 (12383382114 / 14563398502)
 Update state (0x61) downloading, progress: 85,20 (12407334026 / 14563398502)
 Update state (0x61) downloading, progress: 85,39 (12435894247 / 14563398502)
 Update state (0x61) downloading, progress: 85,64 (12471393333 / 14563398502)
 Update state (0x61) downloading, progress: 85,80 (12495686189 / 14563398502)
 Update state (0x61) downloading, progress: 85,95 (12517706285 / 14563398502)
 Update state (0x61) downloading, progress: 86,10 (12539726381 / 14563398502)
 Update state (0x61) downloading, progress: 86,11 (12540774957 / 14563398502)
 Update state (0x61) downloading, progress: 86,26 (12562807743 / 14563398502)
 Update state (0x61) downloading, progress: 87,14 (12690812066 / 14563398502)
 Update state (0x61) downloading, progress: 87,52 (12746090442 / 14563398502)
 Update state (0x61) downloading, progress: 87,97 (12810997872 / 14563398502)
 Update state (0x61) downloading, progress: 88,23 (12848976807 / 14563398502)
 Update state (0x61) downloading, progress: 88,42 (12877350369 / 14563398502)
 Update state (0x61) downloading, progress: 88,58 (12900439250 / 14563398502)
 Update state (0x61) downloading, progress: 88,72 (12920721831 / 14563398502)
 Update state (0x61) downloading, progress: 88,90 (12946732991 / 14563398502)
 Update state (0x61) downloading, progress: 89,07 (12971455196 / 14563398502)
 Update state (0x61) downloading, progress: 89,23 (12995088743 / 14563398502)
 Update state (0x61) downloading, progress: 89,38 (13017212685 / 14563398502)
 Update state (0x61) downloading, progress: 89,51 (13036087053 / 14563398502)
 Update state (0x61) downloading, progress: 89,66 (13057129544 / 14563398502)
 Update state (0x61) downloading, progress: 89,80 (13078040123 / 14563398502)
 Update state (0x61) downloading, progress: 89,96 (13101569461 / 14563398502)
 Update state (0x61) downloading, progress: 90,05 (13113780158 / 14563398502)
 Update state (0x61) downloading, progress: 90,10 (13122323719 / 14563398502)
 Update state (0x61) downloading, progress: 90,22 (13139100935 / 14563398502)
 Update state (0x61) downloading, progress: 90,34 (13156926727 / 14563398502)
 Update state (0x61) downloading, progress: 90,50 (13179331064 / 14563398502)
 Update state (0x61) downloading, progress: 90,55 (13187077562 / 14563398502)
 Update state (0x61) downloading, progress: 90,58 (13191310808 / 14563398502)
 Update state (0x61) downloading, progress: 90,72 (13211701615 / 14563398502)
 Update state (0x61) downloading, progress: 90,83 (13228500299 / 14563398502)
 Update state (0x61) downloading, progress: 90,96 (13247374667 / 14563398502)
 Update state (0x61) downloading, progress: 91,08 (13264608599 / 14563398502)
 Update state (0x61) downloading, progress: 91,13 (13270900055 / 14563398502)
 Update state (0x61) downloading, progress: 91,24 (13287979268 / 14563398502)
 Update state (0x61) downloading, progress: 91,39 (13308950788 / 14563398502)
 Update state (0x61) downloading, progress: 91,54 (13331967982 / 14563398502)
 Update state (0x61) downloading, progress: 91,58 (13337210862 / 14563398502)
 Update state (0x61) downloading, progress: 91,69 (13352940441 / 14563398502)
 Update state (0x61) downloading, progress: 91,79 (13367372587 / 14563398502)
 Update state (0x61) downloading, progress: 91,89 (13381703512 / 14563398502)
 Update state (0x61) downloading, progress: 91,93 (13388357670 / 14563398502)
 Update state (0x61) downloading, progress: 92,05 (13405134886 / 14563398502)
 Update state (0x61) downloading, progress: 92,21 (13428267197 / 14563398502)
 Update state (0x61) downloading, progress: 92,34 (13447141565 / 14563398502)
 Update state (0x61) downloading, progress: 92,46 (13464967357 / 14563398502)
 Update state (0x61) downloading, progress: 92,59 (13484910634 / 14563398502)
 Update state (0x61) downloading, progress: 92,74 (13505952909 / 14563398502)
 Update state (0x61) downloading, progress: 92,90 (13529508720 / 14563398502)
 Update state (0x61) downloading, progress: 93,08 (13555165052 / 14563398502)
 Update state (0x61) downloading, progress: 93,26 (13581430539 / 14563398502)
 Update state (0x61) downloading, progress: 93,37 (13597762812 / 14563398502)
 Update state (0x61) downloading, progress: 93,52 (13620265246 / 14563398502)
 Update state (0x61) downloading, progress: 93,67 (13641382083 / 14563398502)
 Update state (0x61) downloading, progress: 93,82 (13663052806 / 14563398502)
 Update state (0x61) downloading, progress: 94,08 (13701850118 / 14563398502)
 Update state (0x61) downloading, progress: 94,17 (13713755692 / 14563398502)
 Update state (0x61) downloading, progress: 94,31 (13735465864 / 14563398502)
 Update state (0x61) downloading, progress: 94,46 (13756381678 / 14563398502)
 Update state (0x61) downloading, progress: 94,58 (13773460977 / 14563398502)
 Update state (0x61) downloading, progress: 94,73 (13795723720 / 14563398502)
 Update state (0x61) downloading, progress: 94,88 (13817755553 / 14563398502)
 Update state (0x61) downloading, progress: 95,12 (13853208831 / 14563398502)
 Update state (0x61) downloading, progress: 95,12 (13853208831 / 14563398502)
 Update state (0x61) downloading, progress: 95,12 (13853208831 / 14563398502)
 Update state (0x61) downloading, progress: 95,12 (13853208831 / 14563398502)
 Update state (0x61) downloading, progress: 95,12 (13853208831 / 14563398502)
 Update state (0x61) downloading, progress: 95,12 (13853208831 / 14563398502)
 Update state (0x61) downloading, progress: 95,12 (13853208831 / 14563398502)
 Update state (0x61) downloading, progress: 95,12 (13853208831 / 14563398502)
 Update state (0x61) downloading, progress: 95,12 (13853208831 / 14563398502)
 Update state (0x61) downloading, progress: 95,12 (13853208831 / 14563398502)
 Update state (0x61) downloading, progress: 95,12 (13853208831 / 14563398502)
 Update state (0x61) downloading, progress: 95,12 (13853208831 / 14563398502)
 Update state (0x61) downloading, progress: 95,12 (13853208831 / 14563398502)
 Update state (0x61) downloading, progress: 95,12 (13853208831 / 14563398502)
 Update state (0x61) downloading, progress: 95,12 (13853208831 / 14563398502)
 Update state (0x61) downloading, progress: 95,12 (13853208831 / 14563398502)
 Update state (0x61) downloading, progress: 95,12 (13853208831 / 14563398502)
 Update state (0x61) downloading, progress: 95,12 (13853208831 / 14563398502)
 Update state (0x61) downloading, progress: 95,12 (13853208831 / 14563398502)
 Update state (0x61) downloading, progress: 95,12 (13853208831 / 14563398502)
 Update state (0x61) downloading, progress: 95,12 (13853208831 / 14563398502)
 Update state (0x61) downloading, progress: 95,12 (13853208831 / 14563398502)
 Update state (0x61) downloading, progress: 95,12 (13853208831 / 14563398502)
 Update state (0x61) downloading, progress: 95,12 (13853208831 / 14563398502)
 Update state (0x61) downloading, progress: 95,12 (13853208831 / 14563398502)
 Update state (0x61) downloading, progress: 95,15 (13857634118 / 14563398502)
 Update state (0x61) downloading, progress: 95,52 (13911127960 / 14563398502)
 Update state (0x61) downloading, progress: 95,98 (13977358036 / 14563398502)
 Update state (0x61) downloading, progress: 96,41 (14040779629 / 14563398502)
 Update state (0x61) downloading, progress: 96,99 (14125179377 / 14563398502)
 Update state (0x61) downloading, progress: 97,51 (14201287265 / 14563398502)
 Update state (0x61) downloading, progress: 97,93 (14262159506 / 14563398502)
 Update state (0x61) downloading, progress: 98,28 (14312392277 / 14563398502)
 Update state (0x61) downloading, progress: 98,69 (14372862142 / 14563398502)
 Update state (0x61) downloading, progress: 99,11 (14434184948 / 14563398502)
 Update state (0x61) downloading, progress: 99,61 (14506768509 / 14563398502)
 Update state (0x61) downloading, progress: 100,00 (14562678814 / 14563398502)
 Update state (0x61) downloading, progress: 100,00 (14562678814 / 14563398502)
 Update state (0x61) downloading, progress: 100,00 (14562678814 / 14563398502)
 Update state (0x61) downloading, progress: 100,00 (14562678814 / 14563398502)
 Update state (0x61) downloading, progress: 100,00 (14562678814 / 14563398502)
 Update state (0x61) downloading, progress: 100,00 (14562678814 / 14563398502)
 Update state (0x61) downloading, progress: 100,00 (14562678814 / 14563398502)
 Update state (0x61) downloading, progress: 100,00 (14562678814 / 14563398502)
 Update state (0x61) downloading, progress: 100,00 (14562678814 / 14563398502)
 Update state (0x61) downloading, progress: 100,00 (14562678814 / 14563398502)
 Update state (0x61) downloading, progress: 100,00 (14562678814 / 14563398502)
 Update state (0x61) downloading, progress: 100,00 (14562678814 / 14563398502)
 Update state (0x61) downloading, progress: 100,00 (14562678814 / 14563398502)
 Update state (0x61) downloading, progress: 100,00 (14562678814 / 14563398502)
 Update state (0x61) downloading, progress: 100,00 (14562678814 / 14563398502)
 Update state (0x61) downloading, progress: 100,00 (14562678814 / 14563398502)
 Update state (0x61) downloading, progress: 100,00 (14562678814 / 14563398502)
 Update state (0x61) downloading, progress: 100,00 (14562678814 / 14563398502)
 Update state (0x61) downloading, progress: 100,00 (14562678814 / 14563398502)
 Update state (0x61) downloading, progress: 100,00 (14562678814 / 14563398502)
 Update state (0x61) downloading, progress: 100,00 (14562678814 / 14563398502)
 Update state (0x61) downloading, progress: 100,00 (14562678814 / 14563398502)
 Update state (0x61) downloading, progress: 100,00 (14562678814 / 14563398502)
Success! App '740' fully installed.
csgoserver1 updated successfully
